{
  "RSpec": {
    "coverage": {
      "/Users/carol/makers_projects/week-4/messanger-app-database/spec/features/delete_spec.rb": [
        1,
        1,
        1,
        1,
        1,
        1,
        null,
        null
      ],
      "/Users/carol/makers_projects/week-4/messanger-app-database/spec/features/edit_spec.rb": [
        1,
        1,
        1,
        1,
        1,
        1,
        1,
        1,
        null,
        null
      ],
      "/Users/carol/makers_projects/week-4/messanger-app-database/spec/features/full_message_spec.rb": [
        1,
        1,
        1,
        1,
        1,
        1,
        1,
        null,
        null,
        null
      ],
      "/Users/carol/makers_projects/week-4/messanger-app-database/spec/features/message_helper_spec.rb": [
        1,
        6,
        6,
        6,
        null
      ],
      "/Users/carol/makers_projects/week-4/messanger-app-database/spec/features/talk2me_spec.rb": [
        1,
        1,
        1,
        1,
        1,
        1,
        null,
        null,
        null,
        null,
        1,
        1,
        1,
        1,
        null,
        null,
        1,
        1,
        1,
        1,
        1,
        1,
        null,
        null,
        1,
        1,
        1,
        1,
        1,
        1,
        null,
        null,
        1,
        1,
        1,
        null,
        null,
        null
      ],
      "/Users/carol/makers_projects/week-4/messanger-app-database/spec/message_spec.rb": [
        1,
        null,
        1,
        4,
        null,
        null,
        1,
        1,
        1,
        null,
        null,
        null,
        1,
        1,
        1,
        null,
        null,
        null,
        1,
        1,
        1,
        null,
        null,
        null,
        null,
        null
      ]
    },
    "timestamp": 1546017192
  }
}
